0 info it worked if it ends with ok
1 verbose cli [ '/usr/local/bin/node',
1 verbose cli   '/Users/gancho/.node_modules/bin/npm',
1 verbose cli   'start' ]
2 info using npm@3.10.8
3 info using node@v6.5.0
4 verbose run-script [ 'prestart', 'start', 'poststart' ]
5 info lifecycle qr-scanner@0.0.1~prestart: qr-scanner@0.0.1
6 silly lifecycle qr-scanner@0.0.1~prestart: no script for prestart, continuing
7 info lifecycle qr-scanner@0.0.1~start: qr-scanner@0.0.1
8 verbose lifecycle qr-scanner@0.0.1~start: unsafe-perm in lifecycle true
9 verbose lifecycle qr-scanner@0.0.1~start: PATH: /Users/gancho/.node_modules/lib/node_modules/npm/bin/node-gyp-bin:/Users/gancho/workspace/trancemotion/qr-scanner/node_modules/.bin:/Applications/XAMPP/bin:/Users/gancho/.node_modules/bin:/Users/gancho/.node/bin:/usr/local/bin:/usr/bin:/bin:/usr/sbin:/sbin:/Users/gancho/.composer/vendor/bin
10 verbose lifecycle qr-scanner@0.0.1~start: CWD: /Users/gancho/workspace/trancemotion/qr-scanner
11 silly lifecycle qr-scanner@0.0.1~start: Args: [ '-c', 'node ./bin/www' ]
12 verbose stack Error: spawn E2BIG
12 verbose stack     at exports._errnoException (util.js:1026:11)
12 verbose stack     at ChildProcess.spawn (internal/child_process.js:313:11)
12 verbose stack     at exports.spawn (child_process.js:380:9)
12 verbose stack     at spawn (/Users/gancho/.node_modules/lib/node_modules/npm/lib/utils/spawn.js:21:13)
12 verbose stack     at runCmd_ (/Users/gancho/.node_modules/lib/node_modules/npm/lib/utils/lifecycle.js:247:14)
12 verbose stack     at runCmd (/Users/gancho/.node_modules/lib/node_modules/npm/lib/utils/lifecycle.js:208:5)
12 verbose stack     at runPackageLifecycle (/Users/gancho/.node_modules/lib/node_modules/npm/lib/utils/lifecycle.js:174:3)
12 verbose stack     at Array.<anonymous> (/Users/gancho/.node_modules/lib/node_modules/npm/node_modules/slide/lib/bind-actor.js:15:8)
12 verbose stack     at LOOP (/Users/gancho/.node_modules/lib/node_modules/npm/node_modules/slide/lib/chain.js:15:14)
12 verbose stack     at chain (/Users/gancho/.node_modules/lib/node_modules/npm/node_modules/slide/lib/chain.js:20:5)
13 verbose cwd /Users/gancho/workspace/trancemotion/qr-scanner
14 error Darwin 15.6.0
15 error argv "/usr/local/bin/node" "/Users/gancho/.node_modules/bin/npm" "start"
16 error node v6.5.0
17 error npm  v3.10.8
18 error code E2BIG
19 error errno E2BIG
20 error syscall spawn
21 error spawn E2BIG
22 error If you need help, you may report this error at:
22 error     <https://github.com/npm/npm/issues>
23 verbose exit [ 1, true ]
